#
# There is insufficient memory for the Java Runtime Environment to continue.
# Native memory allocation (mmap) failed to map 232783872 bytes for G1 virtual space
# Possible reasons:
#   The system is out of physical RAM or swap space
#   The process is running with CompressedOops enabled, and the Java Heap may be blocking the growth of the native heap
# Possible solutions:
#   Reduce memory load on the system
#   Increase physical memory or swap space
#   Check if swap backing store is full
#   Decrease Java heap size (-Xmx/-Xms)
#   Decrease number of Java threads
#   Decrease Java thread stack sizes (-Xss)
#   Set larger code cache with -XX:ReservedCodeCacheSize=
#   JVM is running with Zero Based Compressed Oops mode in which the Java heap is
#     placed in the first 32GB address space. The Java Heap base address is the
#     maximum limit for the native heap growth. Please use -XX:HeapBaseMinAddress
#     to set the Java Heap base and to place the Java Heap above 32GB virtual address.
# This output file may be truncated or incomplete.
#
#  Out of Memory Error (os_windows.cpp:3550), pid=52728, tid=35848
#
# JRE version:  (17.0.7+8) (build )
# Java VM: Java HotSpot(TM) 64-Bit Server VM (17.0.7+8-LTS-224, mixed mode, sharing, tiered, compressed oops, compressed class ptrs, g1 gc, windows-amd64)
# No core dump will be written. Minidumps are not enabled by default on client versions of Windows
#

---------------  S U M M A R Y ------------

Command Line: -Dclassworlds.conf=D:\desktop\Carbon_manage_system\carbon_official\carbon_back\apache-maven-3.8.8\bin\m2.conf -Dmaven.home=D:\desktop\Carbon_manage_system\carbon_official\carbon_back\apache-maven-3.8.8 -Dlibrary.jansi.path=D:\desktop\Carbon_manage_system\carbon_official\carbon_back\apache-maven-3.8.8\lib\jansi-native -Dmaven.multiModuleProjectDirectory=D:\desktop\Carbon_manage_system\carbon_official\carbon_back org.codehaus.plexus.classworlds.launcher.Launcher -q -DskipTests package -f .\carbon-assets\pom.xml

Host: AMD Ryzen 7 5800H with Radeon Graphics         , 16 cores, 13G,  Windows 11 , 64 bit Build 26100 (10.0.26100.7623)
Time: Wed Jan 21 23:31:31 2026  Windows 11 , 64 bit Build 26100 (10.0.26100.7623) elapsed time: 1.206191 seconds (0d 0h 0m 1s)

---------------  T H R E A D  ---------------

Current thread (0x000001c8c2229100):  JavaThread "Unknown thread" [_thread_in_vm, id=35848, stack(0x000000088d600000,0x000000088d700000)]

Stack: [0x000000088d600000,0x000000088d700000]
Native frames: (J=compiled Java code, j=interpreted, Vv=VM code, C=native code)
V  [jvm.dll+0x676a4a]
V  [jvm.dll+0x7d74f4]
V  [jvm.dll+0x7d8c9e]
V  [jvm.dll+0x7d9303]
V  [jvm.dll+0x2452c5]
V  [jvm.dll+0x6738f9]
V  [jvm.dll+0x668232]
V  [jvm.dll+0x302826]
V  [jvm.dll+0x309da6]
V  [jvm.dll+0x35952e]
V  [jvm.dll+0x35975f]
V  [jvm.dll+0x2d9a38]
V  [jvm.dll+0x2da9a4]
V  [jvm.dll+0x7a8fb1]
V  [jvm.dll+0x3670e1]
V  [jvm.dll+0x788359]
V  [jvm.dll+0x3ea5ef]
V  [jvm.dll+0x3ec071]
C  [jli.dll+0x5297]
C  [ucrtbase.dll+0x37b0]
C  [KERNEL32.DLL+0x2e8d7]
C  [ntdll.dll+0x8c53c]


---------------  P R O C E S S  ---------------

Threads class SMR info:
_java_thread_list=0x00007fffecd34998, length=0, elements={
}

Java Threads: ( => current thread )

Other Threads:
  0x000001c8c228cc60 GCTaskThread "GC Thread#0" [stack: 0x000000088d700000,0x000000088d800000] [id=42676]
  0x000001c8c229b960 ConcurrentGCThread "G1 Main Marker" [stack: 0x000000088d800000,0x000000088d900000] [id=15340]
  0x000001c8c229fe20 ConcurrentGCThread "G1 Conc#0" [stack: 0x000000088d900000,0x000000088da00000] [id=34208]

[error occurred during error reporting (printing all threads), id 0xc0000005, EXCEPTION_ACCESS_VIOLATION (0xc0000005) at pc=0x00007fffec56a697]

VM state: not at safepoint (not fully initialized)

VM Mutex/Monitor currently owned by a thread:  ([mutex/lock_event])
[0x000001c8c22250a0] Heap_lock - owner thread: 0x000001c8c2229100

Heap address: 0x0000000722400000, size: 3548 MB, Compressed Oops mode: Zero based, Oop shift amount: 3

CDS archive(s) mapped at: [0x0000000000000000-0x0000000000000000-0x0000000000000000), size 0, SharedBaseAddress: 0x0000000800000000, ArchiveRelocationMode: 0.
Narrow klass base: 0x0000000000000000, Narrow klass shift: 0, Narrow klass range: 0x0

GC Precious Log:
<Empty>

Heap:
 garbage-first heap   total 0K, used 0K [0x0000000722400000, 0x0000000800000000)
  region size 2048K, 0 young (0K), 0 survivors (0K)

[error occurred during error reporting (printing heap information), id 0xc0000005, EXCEPTION_ACCESS_VIOLATION (0xc0000005) at pc=0x00007fffec9500b9]

GC Heap History (0 events):
No events

Deoptimization events (0 events):
No events

Classes unloaded (0 events):
No events

Classes redefined (0 events):
No events

Internal exceptions (0 events):
No events

VM Operations (0 events):
No events

Events (1 events):
Event: 0.046 Loaded shared library D:\java\jdk\jdk-17.0.7\bin\java.dll


Dynamic libraries:
0x00007ff6bdf30000 - 0x00007ff6bdf40000 	D:\java\jdk\jdk-17.0.7\bin\java.exe
0x00007ff8d2ba0000 - 0x00007ff8d2e07000 	C:\WINDOWS\SYSTEM32\ntdll.dll
0x00007ff8d1ff0000 - 0x00007ff8d20b9000 	C:\WINDOWS\System32\KERNEL32.DLL
0x00007ff8cfe40000 - 0x00007ff8d022f000 	C:\WINDOWS\System32\KERNELBASE.dll
0x00007ff8cfcf0000 - 0x00007ff8cfe3b000 	C:\WINDOWS\System32\ucrtbase.dll
0x00007ff8b45a0000 - 0x00007ff8b45b9000 	D:\java\jdk\jdk-17.0.7\bin\jli.dll
0x00007ff8b7af0000 - 0x00007ff8b7b0b000 	D:\java\jdk\jdk-17.0.7\bin\VCRUNTIME140.dll
0x00007ff8d1f30000 - 0x00007ff8d1fe4000 	C:\WINDOWS\System32\ADVAPI32.dll
0x00007ff8d21b0000 - 0x00007ff8d2259000 	C:\WINDOWS\System32\msvcrt.dll
0x00007ff8d2100000 - 0x00007ff8d21a6000 	C:\WINDOWS\System32\sechost.dll
0x00007ff8d12e0000 - 0x00007ff8d13f8000 	C:\WINDOWS\System32\RPCRT4.dll
0x00007ff8d22b0000 - 0x00007ff8d2475000 	C:\WINDOWS\System32\USER32.dll
0x00007ff8d0240000 - 0x00007ff8d0267000 	C:\WINDOWS\System32\win32u.dll
0x00007ff8d1400000 - 0x00007ff8d142b000 	C:\WINDOWS\System32\GDI32.dll
0x00007ff8d0810000 - 0x00007ff8d093c000 	C:\WINDOWS\System32\gdi32full.dll
0x00007ff8d05f0000 - 0x00007ff8d0693000 	C:\WINDOWS\System32\msvcp_win.dll
0x00007ff8b9630000 - 0x00007ff8b98c3000 	C:\WINDOWS\WinSxS\amd64_microsoft.windows.common-controls_6595b64144ccf1df_6.0.26100.7309_none_3e05feeae336a044\COMCTL32.dll
0x00007ff8c8500000 - 0x00007ff8c850b000 	C:\WINDOWS\SYSTEM32\VERSION.dll
0x00007ff8d20c0000 - 0x00007ff8d20f1000 	C:\WINDOWS\System32\IMM32.DLL
0x00007ff8b4590000 - 0x00007ff8b459c000 	D:\java\jdk\jdk-17.0.7\bin\vcruntime140_1.dll
0x00007ff86e010000 - 0x00007ff86e09e000 	D:\java\jdk\jdk-17.0.7\bin\msvcp140.dll
0x00007fffec280000 - 0x00007fffece5d000 	D:\java\jdk\jdk-17.0.7\bin\server\jvm.dll
0x00007ff8d0dc0000 - 0x00007ff8d0dc8000 	C:\WINDOWS\System32\PSAPI.DLL
0x00007ff8c84c0000 - 0x00007ff8c84f5000 	C:\WINDOWS\SYSTEM32\WINMM.dll
0x00007ff8b3310000 - 0x00007ff8b331a000 	C:\WINDOWS\SYSTEM32\WSOCK32.dll
0x00007ff8d2960000 - 0x00007ff8d29d4000 	C:\WINDOWS\System32\WS2_32.dll
0x00007ff8cea70000 - 0x00007ff8cea8b000 	C:\WINDOWS\SYSTEM32\kernel.appcore.dll
0x00007ff8b4580000 - 0x00007ff8b458a000 	D:\java\jdk\jdk-17.0.7\bin\jimage.dll
0x00007ff8caab0000 - 0x00007ff8cacf2000 	C:\WINDOWS\SYSTEM32\DBGHELP.DLL
0x00007ff8d25d0000 - 0x00007ff8d2956000 	C:\WINDOWS\System32\combase.dll
0x00007ff8d24f0000 - 0x00007ff8d25c6000 	C:\WINDOWS\System32\OLEAUT32.dll
0x00007ff8aeca0000 - 0x00007ff8aecdc000 	C:\WINDOWS\SYSTEM32\dbgcore.DLL
0x00007ff8d06a0000 - 0x00007ff8d0745000 	C:\WINDOWS\System32\bcryptPrimitives.dll
0x00007ff8890c0000 - 0x00007ff8890e5000 	D:\java\jdk\jdk-17.0.7\bin\java.dll

dbghelp: loaded successfully - version: 4.0.5 - missing functions: none
symbol engine: initialized successfully - sym options: 0x614 - pdb path: .;D:\java\jdk\jdk-17.0.7\bin;C:\WINDOWS\SYSTEM32;C:\WINDOWS\WinSxS\amd64_microsoft.windows.common-controls_6595b64144ccf1df_6.0.26100.7309_none_3e05feeae336a044;D:\java\jdk\jdk-17.0.7\bin\server

VM Arguments:
jvm_args: -Dclassworlds.conf=D:\desktop\Carbon_manage_system\carbon_official\carbon_back\apache-maven-3.8.8\bin\m2.conf -Dmaven.home=D:\desktop\Carbon_manage_system\carbon_official\carbon_back\apache-maven-3.8.8 -Dlibrary.jansi.path=D:\desktop\Carbon_manage_system\carbon_official\carbon_back\apache-maven-3.8.8\lib\jansi-native -Dmaven.multiModuleProjectDirectory=D:\desktop\Carbon_manage_system\carbon_official\carbon_back 
java_command: org.codehaus.plexus.classworlds.launcher.Launcher -q -DskipTests package -f .\carbon-assets\pom.xml
java_class_path (initial): D:\desktop\Carbon_manage_system\carbon_official\carbon_back\apache-maven-3.8.8\boot\plexus-classworlds-2.6.0.jar
Launcher Type: SUN_STANDARD

[Global flags]
     intx CICompilerCount                          = 12                                        {product} {ergonomic}
     uint ConcGCThreads                            = 3                                         {product} {ergonomic}
     uint G1ConcRefinementThreads                  = 13                                        {product} {ergonomic}
   size_t G1HeapRegionSize                         = 2097152                                   {product} {ergonomic}
    uintx GCDrainStackTargetSize                   = 64                                        {product} {ergonomic}
   size_t InitialHeapSize                          = 232783872                                 {product} {ergonomic}
   size_t MarkStackSize                            = 4194304                                   {product} {ergonomic}
   size_t MaxHeapSize                              = 3720347648                                {product} {ergonomic}
   size_t MinHeapDeltaBytes                        = 2097152                                   {product} {ergonomic}
   size_t MinHeapSize                              = 8388608                                   {product} {ergonomic}
    uintx NonNMethodCodeHeapSize                   = 7602480                                {pd product} {ergonomic}
    uintx NonProfiledCodeHeapSize                  = 122027880                              {pd product} {ergonomic}
    uintx ProfiledCodeHeapSize                     = 122027880                              {pd product} {ergonomic}
    uintx ReservedCodeCacheSize                    = 251658240                              {pd product} {ergonomic}
     bool SegmentedCodeCache                       = true                                      {product} {ergonomic}
   size_t SoftMaxHeapSize                          = 3720347648                             {manageable} {ergonomic}
     bool UseCompressedClassPointers               = true                           {product lp64_product} {ergonomic}
     bool UseCompressedOops                        = true                           {product lp64_product} {ergonomic}
     bool UseG1GC                                  = true                                      {product} {ergonomic}
     bool UseLargePagesIndividualAllocation        = false                                  {pd product} {ergonomic}

Logging:
Log output configuration:
 #0: stdout all=warning uptime,level,tags
 #1: stderr all=off uptime,level,tags

Environment Variables:
JAVA_HOME=D:\\java\\jdk\\jdk-17.0.7
CLASSPATH=D:\java\jdk\jdk-17.0.7\lib
PATH=D:\\java\\jdk\\jdk-17.0.7\\bin;C:\\Users\\xtf\\.trae\\tools\\maven\\latest\\bin;C:\\Users\\xtf\\.trae\\tools\\gradle\\latest\\bin;c:\\Users\\xtf\\.trae\\sdks\\workspaces\\1da9b331\\versions\\node\\current;c:\\Users\\xtf\\.trae\\sdks\\versions\\node\\current;D:\anaconda;D:\anaconda\Library\mingw-w64\bin;D:\anaconda\Library\usr\bin;D:\anaconda\Library\bin;D:\anaconda\Scripts;D:\anaconda\bin;D:\anaconda\condabin;D:\java\jdk\jdk-17.0.7\bin;C:\Users\xtf\.trae\tools\maven\latest\bin;C:\Users\xtf\.trae\tools\gradle\latest\bin;c:\Users\xtf\.trae\sdks\workspaces\1da9b331\versions\node\current;c:\Users\xtf\.trae\sdks\versions\node\current;C:\Program Files (x86)\Common Files\Oracle\Java\javapath;D:\Program Files (x86)\VMware\VMware Workstation\bin;C:\Windows\system32;C:\Windows;C:\Windows\System32\Wbem;C:\Windows\System32\WindowsPowerShell\v1.0;C:\Windows\System32\OpenSSH;C:\Program Files (x86)\NVIDIA Corporation\PhysX\Common;C:\Program Files\NVIDIA Corporation\NVIDIA NvDLISR;C:\WINDOWS\system32;C:\WINDOWS;C:\WINDOWS\System32\Wbem;C:\WINDOWS\System32\WindowsPowerShell\v1.0;C:\WINDOWS\System32\OpenSSH;D:\Program Files\MATLAB\R2023a\runtime\win64;D:\Program Files\MATLAB\R2023a\bin;D:\java\jdk\jdk-17.0.7\bin;D:\java\jdk\jdk-17.0.7\jre\bin;D:\java\tomcat\apache-tomcat-9.0.69\bin;C:\Program Files\Microsoft SQL Server\Client SDK\ODBC\170\Tools\Binn;C:\Program Files (x86)\Microsoft SQL Server\150\Tools\Binn;C:\Program Files\Microsoft SQL Server\150\Tools\Binn;C:\Program Files\Microsoft SQL Server\150\DTS\Binn;C:\Program Files (x86)\Microsoft SQL Server\160\DTS\Binn;C:\Program Files\Git\cmd;%MAVEN_HOME%\bin;D:\Program Files\nodejs;C:\Program Files\MySQL\MySQL Shell 8.0\bin;C:\Users\xtf\AppData\Local\Programs\Python\Python311\Scripts;C:\Users\xtf\AppData\Local\Programs\Python\Python311;D:\vscode\MinGW\bin;C:\Users\xtf\AppData\Local\Microsoft\WindowsApps;D:\pycharm\PyCharm 2024.3.4\bin;D:\PyCharm Community Edition 2022.3.3\bin;C:\Users\xtf\AppData\Roaming\Microsoft\Windows\Start Menu\
USERNAME=xtf
LANG=zh_CN.UTF-8
OS=Windows_NT
PROCESSOR_IDENTIFIER=AMD64 Family 25 Model 80 Stepping 0, AuthenticAMD



---------------  S Y S T E M  ---------------

OS:
 Windows 11 , 64 bit Build 26100 (10.0.26100.7623)
OS uptime: 0 days 14:45 hours
Hyper-V role detected

CPU: total 16 (initial active 16) (16 cores per cpu, 2 threads per core) family 25 model 80 stepping 0 microcode 0xa50000c, cx8, cmov, fxsr, ht, mmx, 3dnowpref, sse, sse2, sse3, ssse3, sse4a, sse4.1, sse4.2, popcnt, lzcnt, tsc, tscinvbit, avx, avx2, aes, erms, clmul, bmi1, bmi2, adx, sha, fma, vzeroupper, clflush, clflushopt, hv

Memory: 4k page, system-wide physical 14188M (1241M free)
TotalPageFile size 49351M (AvailPageFile size 216M)
current process WorkingSet (physical memory assigned to process): 12M, peak: 12M
current process commit charge ("private bytes"): 70M, peak: 292M

vm_info: Java HotSpot(TM) 64-Bit Server VM (17.0.7+8-LTS-224) for windows-amd64 JRE (17.0.7+8-LTS-224), built on Feb 28 2023 23:03:02 by "mach5one" with MS VC++ 17.1 (VS2022)

END.
